2025-03-04T08:23:11.816Z 	 info: Azurite Blob service is starting on 127.0.0.1:10000
2025-03-04T08:23:11.818Z 	 info: AccountDataStore:init() Refresh accounts from environment variable AZURITE_ACCOUNTS with value undefined
2025-03-04T08:23:11.818Z 	 info: AccountDataStore:init() Fallback to default emulator account devstoreaccount1.
2025-03-04T08:23:11.853Z 	 info: BlobGCManager:start() Starting BlobGCManager. Set status to Initializing.
2025-03-04T08:23:11.853Z 	 info: BlobGCManager:start() Trigger mark and sweep loop. Set status to Running.
2025-03-04T08:23:11.853Z 	 info: BlobGCManager:markSweepLoop() Start next mark and sweep.
2025-03-04T08:23:11.853Z 	 info: BlobGCManager:markSweep() Get all extents.
2025-03-04T08:23:11.854Z 	 info: BlobGCManager:start() BlobGCManager successfully started.
2025-03-04T08:23:11.861Z 	 info: BlobGCManager:markSweep() Got 0 extents.
2025-03-04T08:23:11.861Z 	 info: BlobGCManager:markSweep() Get referred extents.
2025-03-04T08:23:11.862Z 	 info: BlobGCManager:markSweep() Got referred extents, unreferenced extents count is 0.
2025-03-04T08:23:11.862Z 	 info: BlobGCManager:markSweepLoop() Mark and sweep finished, taken 9ms.
2025-03-04T08:23:11.862Z 	 info: BlobGCManager:markSweepLoop() Sleep for 600000ms.
2025-03-04T08:23:11.867Z 	 info: Azurite Blob service successfully listens on http://127.0.0.1:10000
2025-03-04T08:23:11.867Z 	 info: Azurite Queue service is starting on 127.0.0.1:10001
2025-03-04T08:23:11.867Z 	 info: AccountDataStore:init() Refresh accounts from environment variable AZURITE_ACCOUNTS with value undefined
2025-03-04T08:23:11.867Z 	 info: AccountDataStore:init() Fallback to default emulator account devstoreaccount1.
2025-03-04T08:23:11.885Z 	 info: QueueGCManager:start() Starting QueueGCManager, set status to Initializing
2025-03-04T08:23:11.886Z 	 info: QueueGCManager:start() Trigger mark and sweep loop, set status to Running.
2025-03-04T08:23:11.886Z 	 info: QueueGCManager:markSweepLoop() Start new mark and sweep.
2025-03-04T08:23:11.886Z 	 info: QueueGCManger:markSweep() Get all extents.
2025-03-04T08:23:11.886Z 	 info: QueueGCManager:start() QueueGCManager successfully started.
2025-03-04T08:23:11.886Z 	 info: QueueGCManager:marksweep() Get 0 extents.
2025-03-04T08:23:11.886Z 	 info: QueueGCManager:markSweep() Get referred extents, then remove from allExtents.
2025-03-04T08:23:11.886Z 	 info: QueueGCManager:markSweep() Got referred extents, unreferenced extents count is 0.
2025-03-04T08:23:11.886Z 	 info: QueueGCManager:markSweepLoop() Mark and sweep finished, take 0ms.
2025-03-04T08:23:11.887Z 	 info: QueueGCManager:markSweepLoop() Sleep for 60000
2025-03-04T08:23:11.888Z 	 info: Azurite Queue service successfully listens on http://127.0.0.1:10001
2025-03-04T08:23:11.889Z 	 info: Azurite Table service is starting on 127.0.0.1:10002
2025-03-04T08:23:11.889Z 	 info: AccountDataStore:init() Refresh accounts from environment variable AZURITE_ACCOUNTS with value undefined
2025-03-04T08:23:11.889Z 	 info: AccountDataStore:init() Fallback to default emulator account devstoreaccount1.
2025-03-04T08:23:11.899Z 	 info: Azurite Table service successfully listens on http://127.0.0.1:10002
2025-03-04T08:23:11.900Z 	 info: InstaceID e89152b7-3650-4535-99a2-a283ca16c051, SessionID bba09f9b-f9bf-4426-b8df-2d50535e294c.
2025-03-04T08:23:11.955Z 	 info: Telemetry initialize successfully.
2025-03-04T08:23:11.961Z 	 verbose: Send start telemetry
